<?xml version="1.0" encoding="UTF-8"?>
<!-- Generated by org.testng.reporters.JUnitXMLReporter -->
<testsuite ignored="0" hostname="DESKTOP-44M0S3V" failures="0" tests="6" name="Command line test" time="0.267" errors="0" timestamp="2022-08-21T17:44:27 GMT-05:00">
  <testcase classname="Group_ID.Artifact_ID.AppiumTest" name="AndriodApp" time="0.017"/>
  <testcase classname="Group_ID.Artifact_ID.AppiumTest" name="IOSApp" time="0.0"/>
  <testcase classname="Group_ID.Artifact_ID.RestAPITest" name="DeleteTwitter" time="0.002"/>
  <testcase classname="Group_ID.Artifact_ID.RestAPITest" name="PostJira" time="0.001"/>
  <testcase classname="Group_ID.Artifact_ID.SeleniumTest" name="BrowserAutomation" time="0.001"/>
  <testcase classname="Group_ID.Artifact_ID.SeleniumTest" name="ElementsUi" time="0.001"/>
</testsuite> <!-- Command line test -->
