<?xml version="1.0" encoding="UTF-8"?>
<!-- Generated by org.testng.reporters.JUnitXMLReporter -->
<testsuite ignored="0" hostname="DESKTOP-44M0S3V" failures="0" tests="4" name="Test" time="0.106" errors="0" timestamp="2022-08-04T13:41:45 GMT-05:00">
  <testcase classname="Group_ID.Artifact_ID.AppiumTest" name="AndriodApp" time="0.006"/>
  <testcase classname="Group_ID.Artifact_ID.AppiumTest" name="IOSApp" time="0.001"/>
  <testcase classname="Group_ID.Artifact_ID.RestAPITest" name="DeleteTwitter" time="0.001"/>
  <testcase classname="Group_ID.Artifact_ID.RestAPITest" name="PostJira" time="0.001"/>
</testsuite> <!-- Test -->
