<?xml version="1.0" encoding="UTF-8"?>
<testng-results ignored="0" total="6" passed="6" failed="0" skipped="0">
  <reporter-output>
  </reporter-output>
  <suite started-at="2022-08-21T17:44:27 GMT-05:00" name="Command line suite" finished-at="2022-08-21T17:44:27 GMT-05:00" duration-ms="267">
    <groups>
    </groups>
    <test started-at="2022-08-21T17:44:27 GMT-05:00" name="Command line test" finished-at="2022-08-21T17:44:27 GMT-05:00" duration-ms="267">
      <class name="Group_ID.Artifact_ID.AppiumTest">
        <test-method signature="AndriodApp()[pri:0, instance:Group_ID.Artifact_ID.AppiumTest@4f9a3314]" started-at="2022-08-21T17:44:27 GMT-05:00" name="AndriodApp" finished-at="2022-08-21T17:44:27 GMT-05:00" duration-ms="17" status="PASS">
          <reporter-output>
          </reporter-output>
        </test-method> <!-- AndriodApp -->
        <test-method signature="IOSApp()[pri:0, instance:Group_ID.Artifact_ID.AppiumTest@4f9a3314]" started-at="2022-08-21T17:44:27 GMT-05:00" name="IOSApp" finished-at="2022-08-21T17:44:27 GMT-05:00" duration-ms="0" status="PASS">
          <reporter-output>
          </reporter-output>
        </test-method> <!-- IOSApp -->
      </class> <!-- Group_ID.Artifact_ID.AppiumTest -->
      <class name="Group_ID.Artifact_ID.SeleniumTest">
        <test-method signature="BrowserAutomation()[pri:0, instance:Group_ID.Artifact_ID.SeleniumTest@c8e4bb0]" started-at="2022-08-21T17:44:27 GMT-05:00" name="BrowserAutomation" finished-at="2022-08-21T17:44:27 GMT-05:00" duration-ms="1" status="PASS">
          <reporter-output>
          </reporter-output>
        </test-method> <!-- BrowserAutomation -->
        <test-method signature="ElementsUi()[pri:0, instance:Group_ID.Artifact_ID.SeleniumTest@c8e4bb0]" started-at="2022-08-21T17:44:27 GMT-05:00" name="ElementsUi" finished-at="2022-08-21T17:44:27 GMT-05:00" duration-ms="1" status="PASS">
          <reporter-output>
          </reporter-output>
        </test-method> <!-- ElementsUi -->
      </class> <!-- Group_ID.Artifact_ID.SeleniumTest -->
      <class name="Group_ID.Artifact_ID.RestAPITest">
        <test-method signature="DeleteTwitter()[pri:0, instance:Group_ID.Artifact_ID.RestAPITest@62e136d3]" started-at="2022-08-21T17:44:27 GMT-05:00" name="DeleteTwitter" finished-at="2022-08-21T17:44:27 GMT-05:00" duration-ms="2" status="PASS">
          <reporter-output>
          </reporter-output>
        </test-method> <!-- DeleteTwitter -->
        <test-method signature="PostJira()[pri:0, instance:Group_ID.Artifact_ID.RestAPITest@62e136d3]" started-at="2022-08-21T17:44:27 GMT-05:00" name="PostJira" finished-at="2022-08-21T17:44:27 GMT-05:00" duration-ms="1" status="PASS">
          <reporter-output>
          </reporter-output>
        </test-method> <!-- PostJira -->
      </class> <!-- Group_ID.Artifact_ID.RestAPITest -->
    </test> <!-- Command line test -->
  </suite> <!-- Command line suite -->
</testng-results>
